<?xml version="1.0" encoding="UTF-8"?>
<!-- Generated by org.testng.reporters.JUnitXMLReporter -->
<testsuite hostname="Admin-PC" ignored="0" name="Test" tests="11" failures="1" timestamp="10 Jul 2018 05:42:48 GMT" time="950.389" errors="0">
  <testcase name="ClickIFSigTab" time="0.238" classname="com.jug.qa.SIGTest.MMSdashboardTest"/>
  <testcase name="verifyconsultancyTitle" time="3.596" classname="com.jug.qa.SIGTest.MMSConsultancyPageTest"/>
  <testcase name="sigRegisterlinkclick" time="0.133" classname="com.jug.qa.SIGTest.MMSRegistrationTest">
    <failure type="org.openqa.selenium.NoSuchElementException" message="Unable to locate element: Registration as SIG
For documentation on this error, please visit: http://seleniumhq.org/exceptions/no_such_element.html
Build info: version: &amp;apos;3.12.0&amp;apos;, revision: &amp;apos;7c6e0b3&amp;apos;, time: &amp;apos;2018-05-08T14:04:26.12Z&amp;apos;
System info: host: &amp;apos;ADMIN-PC&amp;apos;, ip: &amp;apos;192.168.56.1&amp;apos;, os.name: &amp;apos;Windows 7&amp;apos;, os.arch: &amp;apos;amd64&amp;apos;, os.version: &amp;apos;6.1&amp;apos;, java.version: &amp;apos;1.8.0_111&amp;apos;
Driver info: org.openqa.selenium.firefox.FirefoxDriver
Capabilities {acceptInsecureCerts: true, browserName: firefox, browserVersion: 56.0.2, javascriptEnabled: true, moz:accessibilityChecks: false, moz:headless: false, moz:processID: 10124, moz:profile: C:\Users\Admin\AppData\Loca..., pageLoadStrategy: normal, platform: XP, platformName: XP, platformVersion: 6.1, rotatable: false, specificationLevel: 0, timeouts: {implicit: 0, pageLoad: 300000, script: 30000}}
Session ID: b7f45742-9603-4bd3-8961-4db58b046aa8
*** Element info: {Using=link text, value=Registration as SIG}">
      <![CDATA[org.openqa.selenium.NoSuchElementException: Unable to locate element: Registration as SIG
For documentation on this error, please visit: http://seleniumhq.org/exceptions/no_such_element.html
Build info: version: '3.12.0', revision: '7c6e0b3', time: '2018-05-08T14:04:26.12Z'
System info: host: 'ADMIN-PC', ip: '192.168.56.1', os.name: 'Windows 7', os.arch: 'amd64', os.version: '6.1', java.version: '1.8.0_111'
Driver info: org.openqa.selenium.firefox.FirefoxDriver
Capabilities {acceptInsecureCerts: true, browserName: firefox, browserVersion: 56.0.2, javascriptEnabled: true, moz:accessibilityChecks: false, moz:headless: false, moz:processID: 10124, moz:profile: C:\Users\Admin\AppData\Loca..., pageLoadStrategy: normal, platform: XP, platformName: XP, platformVersion: 6.1, rotatable: false, specificationLevel: 0, timeouts: {implicit: 0, pageLoad: 300000, script: 30000}}
Session ID: b7f45742-9603-4bd3-8961-4db58b046aa8
*** Element info: {Using=link text, value=Registration as SIG}
at org.openqa.selenium.remote.http.W3CHttpResponseCodec.createException(W3CHttpResponseCodec.java:187)
at org.openqa.selenium.remote.http.W3CHttpResponseCodec.decode(W3CHttpResponseCodec.java:122)
at org.openqa.selenium.remote.http.W3CHttpResponseCodec.decode(W3CHttpResponseCodec.java:49)
at org.openqa.selenium.remote.HttpCommandExecutor.execute(HttpCommandExecutor.java:158)
at org.openqa.selenium.remote.service.DriverCommandExecutor.execute(DriverCommandExecutor.java:83)
at org.openqa.selenium.remote.RemoteWebDriver.execute(RemoteWebDriver.java:543)
at org.openqa.selenium.remote.RemoteWebDriver.findElement(RemoteWebDriver.java:317)
at org.openqa.selenium.remote.RemoteWebDriver.findElementByLinkText(RemoteWebDriver.java:371)
at org.openqa.selenium.By$ByLinkText.findElement(By.java:220)
at org.openqa.selenium.remote.RemoteWebDriver.findElement(RemoteWebDriver.java:309)
at org.openqa.selenium.support.events.EventFiringWebDriver.lambda$new$1(EventFiringWebDriver.java:103)
at com.sun.proxy.$Proxy8.findElement(Unknown Source)
at org.openqa.selenium.support.events.EventFiringWebDriver.findElement(EventFiringWebDriver.java:186)
at com.jug.qa.pages.MMSRegistrationPage.Registertionclick(MMSRegistrationPage.java:17)
at com.jug.qa.SIGTest.MMSRegistrationTest.sigRegisterlinkclick(MMSRegistrationTest.java:42)
... Removed 34 stack frames]]>
    </failure>
  </testcase> <!-- sigRegisterlinkclick -->
  <testcase name="verifygrantsTitle" time="12.36" classname="com.jug.qa.SIGTest.MMSGrantsfundingpageTest"/>
  <testcase name="leaderbutton" time="15.644" classname="com.jug.qa.SIGTest.MyProfilePageTest"/>
  <testcase name="verifyhackathonsTitle" time="12.981" classname="com.jug.qa.SIGTest.MMSHackathonsPageTest"/>
  <testcase name="loggoutt" time="2.365" classname="com.jug.qa.SIGTest.SIGLogoutTest"/>
  <testcase name="sigRegisterlinkclick" time="82.575" classname="com.jug.qa.SIGTest.MMSRegistrationlinkTest"/>
  <testcase name="verifyProjectTitle" time="10.283" classname="com.jug.qa.SIGTest.MMSProjectPageTest"/>
  <testcase name="loginTest" time="19.941" classname="com.jug.qa.SIGTest.MMSLoginPageTest"/>
  <testcase name="SigmyopportunityTab" time="0.047" classname="com.jug.qa.SIGTest.MMSdashboardTest"/>
</testsuite> <!-- Test -->
